<?xml version="1.0" encoding="UTF-8"?>
<!-- Generated by org.testng.reporters.JUnitXMLReporter -->
<testsuite hostname="DESKTOP-SIJ32I1" ignored="0" name="Command line test" tests="2" failures="1" timestamp="28 Jan 2021 05:38:31 GMT" time="0.084" errors="0">
  <testcase name="FirstTest" time="0.016" classname="mavensample.tests.SampleTest">
    <failure type="java.lang.AssertionError" message="null">
      <![CDATA[java.lang.AssertionError: null
at mavensample.tests.SampleTest.FirstTest(SampleTest.java:11)
... Removed 36 stack frames]]>
    </failure>
  </testcase> <!-- FirstTest -->
  <testcase name="SecondTest" time="0.008" classname="mavensample.tests.SampleTest"/>
</testsuite> <!-- Command line test -->
